0 info it worked if it ends with ok
1 verbose cli [ 'C:\\wamp\\www\\node.exe',
1 verbose cli   'C:\\wamp\\www\\node_modules\\npm\\bin\\npm-cli.js',
1 verbose cli   'install',
1 verbose cli   '--save-dev',
1 verbose cli   'gulp-babel' ]
2 info using npm@3.10.10
3 info using node@v6.10.2
4 silly loadCurrentTree Starting
5 silly install loadCurrentTree
6 silly install readLocalPackageData
7 silly fetchPackageMetaData gulp-babel
8 silly fetchNamedPackageData gulp-babel
9 silly mapToRegistry name gulp-babel
10 silly mapToRegistry using default registry
11 silly mapToRegistry registry https://registry.npmjs.org/
12 silly mapToRegistry data Result {
12 silly mapToRegistry   raw: 'gulp-babel',
12 silly mapToRegistry   scope: null,
12 silly mapToRegistry   escapedName: 'gulp-babel',
12 silly mapToRegistry   name: 'gulp-babel',
12 silly mapToRegistry   rawSpec: '',
12 silly mapToRegistry   spec: 'latest',
12 silly mapToRegistry   type: 'tag' }
13 silly mapToRegistry uri https://registry.npmjs.org/gulp-babel
14 verbose request uri https://registry.npmjs.org/gulp-babel
15 verbose request no auth needed
16 info attempt registry request try #1 at 14:01:01
17 verbose request id ce287d431d5a9bf0
18 http request GET https://registry.npmjs.org/gulp-babel
19 info retry will retry, error on last attempt: Error: connect ETIMEDOUT 151.101.72.162:443
20 info attempt registry request try #2 at 14:01:32
21 http request GET https://registry.npmjs.org/gulp-babel
22 info retry will retry, error on last attempt: Error: connect ETIMEDOUT 151.101.72.162:443
23 info attempt registry request try #3 at 14:02:53
24 http request GET https://registry.npmjs.org/gulp-babel
25 silly fetchPackageMetaData Error: connect ETIMEDOUT 151.101.72.162:443
25 silly fetchPackageMetaData     at Object.exports._errnoException (util.js:1018:11)
25 silly fetchPackageMetaData     at exports._exceptionWithHostPort (util.js:1041:20)
25 silly fetchPackageMetaData     at TCPConnectWrap.afterConnect [as oncomplete] (net.js:1090:14)
25 silly fetchPackageMetaData  error for gulp-babel { Error: connect ETIMEDOUT 151.101.72.162:443
25 silly fetchPackageMetaData     at Object.exports._errnoException (util.js:1018:11)
25 silly fetchPackageMetaData     at exports._exceptionWithHostPort (util.js:1041:20)
25 silly fetchPackageMetaData     at TCPConnectWrap.afterConnect [as oncomplete] (net.js:1090:14)
25 silly fetchPackageMetaData   code: 'ETIMEDOUT',
25 silly fetchPackageMetaData   errno: 'ETIMEDOUT',
25 silly fetchPackageMetaData   syscall: 'connect',
25 silly fetchPackageMetaData   address: '151.101.72.162',
25 silly fetchPackageMetaData   port: 443 }
26 silly rollbackFailedOptional Starting
27 silly rollbackFailedOptional Finishing
28 silly runTopLevelLifecycles Finishing
29 silly install printInstalled
30 verbose stack Error: connect ETIMEDOUT 151.101.72.162:443
30 verbose stack     at Object.exports._errnoException (util.js:1018:11)
30 verbose stack     at exports._exceptionWithHostPort (util.js:1041:20)
30 verbose stack     at TCPConnectWrap.afterConnect [as oncomplete] (net.js:1090:14)
31 verbose cwd C:\wamp\www\code\wechat\gulp
32 error Windows_NT 6.1.7601
33 error argv "C:\\wamp\\www\\node.exe" "C:\\wamp\\www\\node_modules\\npm\\bin\\npm-cli.js" "install" "--save-dev" "gulp-babel"
34 error node v6.10.2
35 error npm  v3.10.10
36 error code ETIMEDOUT
37 error errno ETIMEDOUT
38 error syscall connect
39 error network connect ETIMEDOUT 151.101.72.162:443
40 error network This is most likely not a problem with npm itself
40 error network and is related to network connectivity.
40 error network In most cases you are behind a proxy or have bad network settings.
40 error network
40 error network If you are behind a proxy, please make sure that the
40 error network 'proxy' config is set properly.  See: 'npm help config'
41 verbose exit [ 1, true ]
